Línea 11: la propiedad Icon de Form1 tenía una referencia a archivo no válida.
Línea 32: la propiedad Picture de Command25 tenía una referencia a archivo no válida.
Línea 54: la propiedad Picture de Command24 tenía una referencia a archivo no válida.
Línea 64: la propiedad Picture de Command23 tenía una referencia a archivo no válida.
Línea 74: la propiedad Picture de Command22 tenía una referencia a archivo no válida.
Línea 84: la propiedad Picture de Command19 tenía una referencia a archivo no válida.
Línea 94: la propiedad Picture de Command18 tenía una referencia a archivo no válida.
Línea 498: la propiedad Bindings de dblots tenía una referencia a archivo no válida.
Línea 501: la propiedad OleObjectBlob de dblots tenía una referencia a archivo no válida.
Línea 497: Imposible cargar el control dblots.
Línea 563: la propiedad Picture de botoensenyarpacking tenía una referencia a archivo no válida.
Línea 573: la propiedad Picture de Command20 tenía una referencia a archivo no válida.
Línea 583: la propiedad Picture de eliminarbobentrada tenía una referencia a archivo no válida.
Línea 599: la propiedad Bindings de bobentrada tenía una referencia a archivo no válida.
Línea 602: la propiedad OleObjectBlob de bobentrada tenía una referencia a archivo no válida.
Línea 598: Imposible cargar el control bobentrada.
Línea 611: la propiedad Picture de Command21 tenía una referencia a archivo no válida.
Línea 621: la propiedad Picture de botodescansrelleu tenía una referencia a archivo no válida.
Línea 651: la propiedad Picture de Command9 tenía una referencia a archivo no válida.
Línea 735: la propiedad Picture de Command14 tenía una referencia a archivo no válida.
Línea 779: la propiedad Picture de Command11 tenía una referencia a archivo no válida.
Línea 825: la propiedad Picture de Command8 tenía una referencia a archivo no válida.
Línea 859: la propiedad Picture de Command17 tenía una referencia a archivo no válida.
Línea 1085: la propiedad Bindings de reixa tenía una referencia a archivo no válida.
Línea 1088: la propiedad OleObjectBlob de reixa tenía una referencia a archivo no válida.
Línea 1084: Imposible cargar el control reixa.
Línea 1126: la propiedad Picture de Command13 tenía una referencia a archivo no válida.
Línea 1145: la propiedad Picture de Command12 tenía una referencia a archivo no válida.
Línea 1182: la propiedad Picture de Command7 tenía una referencia a archivo no válida.
Línea 1206: la propiedad Bindings de reixabobines tenía una referencia a archivo no válida.
Línea 1209: la propiedad OleObjectBlob de reixabobines tenía una referencia a archivo no válida.
Línea 1205: Imposible cargar el control reixabobines.
Línea 1245: la propiedad Bindings de reixaempalmes tenía una referencia a archivo no válida.
Línea 1248: la propiedad OleObjectBlob de reixaempalmes tenía una referencia a archivo no válida.
Línea 1244: Imposible cargar el control reixaempalmes.
